[debug] [2025-05-11T18:06:23.201Z] ----------------------------------------------------------------------
[debug] [2025-05-11T18:06:23.203Z] Command:       C:\Program Files\nodejs\node.exe C:\Users\dmanu\AppData\Roaming\npm\node_modules\firebase-tools\lib\bin\firebase.js init
[debug] [2025-05-11T18:06:23.204Z] CLI Version:   14.3.1
[debug] [2025-05-11T18:06:23.204Z] Platform:      win32
[debug] [2025-05-11T18:06:23.204Z] Node Version:  v22.15.0
[debug] [2025-05-11T18:06:23.205Z] Time:          Sun May 11 2025 23:36:23 GMT+0530 (India Standard Time)
[debug] [2025-05-11T18:06:23.205Z] ----------------------------------------------------------------------
[debug] 
[debug] [2025-05-11T18:06:23.452Z] > command requires scopes: ["email","openid","https://www.googleapis.com/auth/cloudplatformprojects.readonly","https://www.googleapis.com/auth/firebase","https://www.googleapis.com/auth/cloud-platform"]
[debug] [2025-05-11T18:06:23.453Z] > authorizing via signed-in user (dmanuj663@gmail.com)
[info] 
     ######## #### ########  ######## ########     ###     ######  ########
     ##        ##  ##     ## ##       ##     ##  ##   ##  ##       ##
     ######    ##  ########  ######   ########  #########  ######  ######
     ##        ##  ##    ##  ##       ##     ## ##     ##       ## ##
     ##       #### ##     ## ######## ########  ##     ##  ######  ########

You're about to initialize a Firebase project in this directory:

  E:\SRMCEM\Project2\Sign-Language-Recognition-Using-Mediapipe-and-React-main\Sign-Language-Recognition-Using-Mediapipe-and-React-main

Before we get started, keep in mind:

  * You are initializing within an existing Firebase project directory

[info] 
=== Project Setup
[info] 
[info] First, let's associate this project directory with a Firebase project.
[info] You can create multiple project aliases by running firebase use --add, 
[info] but for now we'll just set up a default project.
[info] 
[debug] [2025-05-11T18:06:35.270Z] Using project from CLI flag: signlanguage-4daf0
[debug] [2025-05-11T18:06:35.271Z] Checked if tokens are valid: true, expires at: 1746989722026
[debug] [2025-05-11T18:06:35.271Z] Checked if tokens are valid: true, expires at: 1746989722026
[debug] [2025-05-11T18:06:35.273Z] >>> [apiv2][query] GET https://firebase.googleapis.com/v1beta1/projects/signlanguage-4daf0 [none]
[debug] [2025-05-11T18:06:36.060Z] <<< [apiv2][status] GET https://firebase.googleapis.com/v1beta1/projects/signlanguage-4daf0 200
[debug] [2025-05-11T18:06:36.060Z] <<< [apiv2][body] GET https://firebase.googleapis.com/v1beta1/projects/signlanguage-4daf0 {"projectId":"signlanguage-4daf0","projectNumber":"1094972762799","displayName":"SignLanguage","name":"projects/signlanguage-4daf0","resources":{"hostingSite":"signlanguage-4daf0"},"state":"ACTIVE","etag":"1_906c6c49-175e-4cbd-a532-72814615b5e1"}
[info] i  Using project signlanguage-4daf0 (SignLanguage) 
[info] 
=== Dataconnect Setup
[debug] [2025-05-11T18:06:36.065Z] Checked if tokens are valid: true, expires at: 1746989722026
[debug] [2025-05-11T18:06:36.065Z] Checked if tokens are valid: true, expires at: 1746989722026
[debug] [2025-05-11T18:06:36.066Z] >>> [apiv2][query] GET https://cloudbilling.googleapis.com/v1/projects/signlanguage-4daf0/billingInfo [none]
[debug] [2025-05-11T18:06:37.522Z] <<< [apiv2][status] GET https://cloudbilling.googleapis.com/v1/projects/signlanguage-4daf0/billingInfo 200
[debug] [2025-05-11T18:06:37.523Z] <<< [apiv2][body] GET https://cloudbilling.googleapis.com/v1/projects/signlanguage-4daf0/billingInfo {"name":"projects/signlanguage-4daf0/billingInfo","projectId":"signlanguage-4daf0","billingAccountName":"billingAccounts/01B524-CF75E5-D6B8D0","billingEnabled":true}
[info] i  dataconnect: ensuring required API firebasedataconnect.googleapis.com is enabled... 
[debug] [2025-05-11T18:06:37.524Z] Checked if tokens are valid: true, expires at: 1746989722026
[debug] [2025-05-11T18:06:37.524Z] Checked if tokens are valid: true, expires at: 1746989722026
[debug] [2025-05-11T18:06:37.524Z] >>> [apiv2][query] GET https://serviceusage.googleapis.com/v1/projects/signlanguage-4daf0/services/firebasedataconnect.googleapis.com [none]
[debug] [2025-05-11T18:06:37.524Z] >>> [apiv2][(partial)header] GET https://serviceusage.googleapis.com/v1/projects/signlanguage-4daf0/services/firebasedataconnect.googleapis.com x-goog-quota-user=projects/signlanguage-4daf0
[debug] [2025-05-11T18:06:39.398Z] <<< [apiv2][status] GET https://serviceusage.googleapis.com/v1/projects/signlanguage-4daf0/services/firebasedataconnect.googleapis.com 200
[debug] [2025-05-11T18:06:39.398Z] <<< [apiv2][body] GET https://serviceusage.googleapis.com/v1/projects/signlanguage-4daf0/services/firebasedataconnect.googleapis.com [omitted]
[warn] !  dataconnect: missing required API firebasedataconnect.googleapis.com. Enabling now... 
[debug] [2025-05-11T18:06:39.399Z] Checked if tokens are valid: true, expires at: 1746989722026
[debug] [2025-05-11T18:06:39.399Z] Checked if tokens are valid: true, expires at: 1746989722026
[debug] [2025-05-11T18:06:39.400Z] >>> [apiv2][query] POST https://serviceusage.googleapis.com/v1/projects/signlanguage-4daf0/services/firebasedataconnect.googleapis.com:enable [none]
[debug] [2025-05-11T18:06:39.400Z] >>> [apiv2][(partial)header] POST https://serviceusage.googleapis.com/v1/projects/signlanguage-4daf0/services/firebasedataconnect.googleapis.com:enable x-goog-quota-user=projects/signlanguage-4daf0
[debug] [2025-05-11T18:06:39.989Z] <<< [apiv2][status] POST https://serviceusage.googleapis.com/v1/projects/signlanguage-4daf0/services/firebasedataconnect.googleapis.com:enable 200
[debug] [2025-05-11T18:06:39.990Z] <<< [apiv2][body] POST https://serviceusage.googleapis.com/v1/projects/signlanguage-4daf0/services/firebasedataconnect.googleapis.com:enable [omitted]
[debug] [2025-05-11T18:06:50.004Z] Checked if tokens are valid: true, expires at: 1746989722026
[debug] [2025-05-11T18:06:50.005Z] Checked if tokens are valid: true, expires at: 1746989722026
[debug] [2025-05-11T18:06:50.005Z] >>> [apiv2][query] GET https://serviceusage.googleapis.com/v1/projects/signlanguage-4daf0/services/firebasedataconnect.googleapis.com [none]
[debug] [2025-05-11T18:06:50.005Z] >>> [apiv2][(partial)header] GET https://serviceusage.googleapis.com/v1/projects/signlanguage-4daf0/services/firebasedataconnect.googleapis.com x-goog-quota-user=projects/signlanguage-4daf0
[debug] [2025-05-11T18:06:51.846Z] <<< [apiv2][status] GET https://serviceusage.googleapis.com/v1/projects/signlanguage-4daf0/services/firebasedataconnect.googleapis.com 200
[debug] [2025-05-11T18:06:51.846Z] <<< [apiv2][body] GET https://serviceusage.googleapis.com/v1/projects/signlanguage-4daf0/services/firebasedataconnect.googleapis.com [omitted]
[info] +  dataconnect: required API firebasedataconnect.googleapis.com is enabled 
[info] i  dataconnect: ensuring required API sqladmin.googleapis.com is enabled... 
[debug] [2025-05-11T18:06:51.849Z] Checked if tokens are valid: true, expires at: 1746989722026
[debug] [2025-05-11T18:06:51.850Z] Checked if tokens are valid: true, expires at: 1746989722026
[debug] [2025-05-11T18:06:51.850Z] >>> [apiv2][query] GET https://serviceusage.googleapis.com/v1/projects/signlanguage-4daf0/services/sqladmin.googleapis.com [none]
[debug] [2025-05-11T18:06:51.850Z] >>> [apiv2][(partial)header] GET https://serviceusage.googleapis.com/v1/projects/signlanguage-4daf0/services/sqladmin.googleapis.com x-goog-quota-user=projects/signlanguage-4daf0
[debug] [2025-05-11T18:06:52.279Z] <<< [apiv2][status] GET https://serviceusage.googleapis.com/v1/projects/signlanguage-4daf0/services/sqladmin.googleapis.com 200
[debug] [2025-05-11T18:06:52.279Z] <<< [apiv2][body] GET https://serviceusage.googleapis.com/v1/projects/signlanguage-4daf0/services/sqladmin.googleapis.com [omitted]
[warn] !  dataconnect: missing required API sqladmin.googleapis.com. Enabling now... 
[debug] [2025-05-11T18:06:52.280Z] Checked if tokens are valid: true, expires at: 1746989722026
[debug] [2025-05-11T18:06:52.280Z] Checked if tokens are valid: true, expires at: 1746989722026
[debug] [2025-05-11T18:06:52.280Z] >>> [apiv2][query] POST https://serviceusage.googleapis.com/v1/projects/signlanguage-4daf0/services/sqladmin.googleapis.com:enable [none]
[debug] [2025-05-11T18:06:52.280Z] >>> [apiv2][(partial)header] POST https://serviceusage.googleapis.com/v1/projects/signlanguage-4daf0/services/sqladmin.googleapis.com:enable x-goog-quota-user=projects/signlanguage-4daf0
[debug] [2025-05-11T18:06:53.770Z] <<< [apiv2][status] POST https://serviceusage.googleapis.com/v1/projects/signlanguage-4daf0/services/sqladmin.googleapis.com:enable 200
[debug] [2025-05-11T18:06:53.770Z] <<< [apiv2][body] POST https://serviceusage.googleapis.com/v1/projects/signlanguage-4daf0/services/sqladmin.googleapis.com:enable [omitted]
[debug] [2025-05-11T18:07:03.773Z] Checked if tokens are valid: true, expires at: 1746989722026
[debug] [2025-05-11T18:07:03.773Z] Checked if tokens are valid: true, expires at: 1746989722026
[debug] [2025-05-11T18:07:03.774Z] >>> [apiv2][query] GET https://serviceusage.googleapis.com/v1/projects/signlanguage-4daf0/services/sqladmin.googleapis.com [none]
[debug] [2025-05-11T18:07:03.774Z] >>> [apiv2][(partial)header] GET https://serviceusage.googleapis.com/v1/projects/signlanguage-4daf0/services/sqladmin.googleapis.com x-goog-quota-user=projects/signlanguage-4daf0
[debug] [2025-05-11T18:07:05.667Z] <<< [apiv2][status] GET https://serviceusage.googleapis.com/v1/projects/signlanguage-4daf0/services/sqladmin.googleapis.com 200
[debug] [2025-05-11T18:07:05.667Z] <<< [apiv2][body] GET https://serviceusage.googleapis.com/v1/projects/signlanguage-4daf0/services/sqladmin.googleapis.com [omitted]
[info] +  dataconnect: required API sqladmin.googleapis.com is enabled 
[info] i  dataconnect: ensuring required API compute.googleapis.com is enabled... 
[debug] [2025-05-11T18:07:05.670Z] Checked if tokens are valid: true, expires at: 1746989722026
[debug] [2025-05-11T18:07:05.671Z] Checked if tokens are valid: true, expires at: 1746989722026
[debug] [2025-05-11T18:07:05.671Z] >>> [apiv2][query] GET https://serviceusage.googleapis.com/v1/projects/signlanguage-4daf0/services/compute.googleapis.com [none]
[debug] [2025-05-11T18:07:05.671Z] >>> [apiv2][(partial)header] GET https://serviceusage.googleapis.com/v1/projects/signlanguage-4daf0/services/compute.googleapis.com x-goog-quota-user=projects/signlanguage-4daf0
[debug] [2025-05-11T18:07:06.940Z] <<< [apiv2][status] GET https://serviceusage.googleapis.com/v1/projects/signlanguage-4daf0/services/compute.googleapis.com 200
[debug] [2025-05-11T18:07:06.940Z] <<< [apiv2][body] GET https://serviceusage.googleapis.com/v1/projects/signlanguage-4daf0/services/compute.googleapis.com [omitted]
[warn] !  dataconnect: missing required API compute.googleapis.com. Enabling now... 
[debug] [2025-05-11T18:07:06.940Z] Checked if tokens are valid: true, expires at: 1746989722026
[debug] [2025-05-11T18:07:06.941Z] Checked if tokens are valid: true, expires at: 1746989722026
[debug] [2025-05-11T18:07:06.941Z] >>> [apiv2][query] POST https://serviceusage.googleapis.com/v1/projects/signlanguage-4daf0/services/compute.googleapis.com:enable [none]
[debug] [2025-05-11T18:07:06.941Z] >>> [apiv2][(partial)header] POST https://serviceusage.googleapis.com/v1/projects/signlanguage-4daf0/services/compute.googleapis.com:enable x-goog-quota-user=projects/signlanguage-4daf0
[debug] [2025-05-11T18:07:07.715Z] <<< [apiv2][status] POST https://serviceusage.googleapis.com/v1/projects/signlanguage-4daf0/services/compute.googleapis.com:enable 200
[debug] [2025-05-11T18:07:07.715Z] <<< [apiv2][body] POST https://serviceusage.googleapis.com/v1/projects/signlanguage-4daf0/services/compute.googleapis.com:enable [omitted]
[debug] [2025-05-11T18:07:17.717Z] Checked if tokens are valid: true, expires at: 1746989722026
[debug] [2025-05-11T18:07:17.718Z] Checked if tokens are valid: true, expires at: 1746989722026
[debug] [2025-05-11T18:07:17.718Z] >>> [apiv2][query] GET https://serviceusage.googleapis.com/v1/projects/signlanguage-4daf0/services/compute.googleapis.com [none]
[debug] [2025-05-11T18:07:17.718Z] >>> [apiv2][(partial)header] GET https://serviceusage.googleapis.com/v1/projects/signlanguage-4daf0/services/compute.googleapis.com x-goog-quota-user=projects/signlanguage-4daf0
[debug] [2025-05-11T18:07:19.994Z] <<< [apiv2][status] GET https://serviceusage.googleapis.com/v1/projects/signlanguage-4daf0/services/compute.googleapis.com 200
[debug] [2025-05-11T18:07:19.996Z] <<< [apiv2][body] GET https://serviceusage.googleapis.com/v1/projects/signlanguage-4daf0/services/compute.googleapis.com [omitted]
[info] i  dataconnect: waiting for API compute.googleapis.com to activate... 
[debug] [2025-05-11T18:07:30.011Z] Checked if tokens are valid: true, expires at: 1746989722026
[debug] [2025-05-11T18:07:30.011Z] Checked if tokens are valid: true, expires at: 1746989722026
[debug] [2025-05-11T18:07:30.011Z] >>> [apiv2][query] GET https://serviceusage.googleapis.com/v1/projects/signlanguage-4daf0/services/compute.googleapis.com [none]
[debug] [2025-05-11T18:07:30.011Z] >>> [apiv2][(partial)header] GET https://serviceusage.googleapis.com/v1/projects/signlanguage-4daf0/services/compute.googleapis.com x-goog-quota-user=projects/signlanguage-4daf0
[debug] [2025-05-11T18:07:32.301Z] <<< [apiv2][status] GET https://serviceusage.googleapis.com/v1/projects/signlanguage-4daf0/services/compute.googleapis.com 200
[debug] [2025-05-11T18:07:32.302Z] <<< [apiv2][body] GET https://serviceusage.googleapis.com/v1/projects/signlanguage-4daf0/services/compute.googleapis.com [omitted]
[info] i  dataconnect: waiting for API compute.googleapis.com to activate... 
[debug] [2025-05-11T18:07:42.312Z] Checked if tokens are valid: true, expires at: 1746989722026
[debug] [2025-05-11T18:07:42.313Z] Checked if tokens are valid: true, expires at: 1746989722026
[debug] [2025-05-11T18:07:42.313Z] >>> [apiv2][query] GET https://serviceusage.googleapis.com/v1/projects/signlanguage-4daf0/services/compute.googleapis.com [none]
[debug] [2025-05-11T18:07:42.313Z] >>> [apiv2][(partial)header] GET https://serviceusage.googleapis.com/v1/projects/signlanguage-4daf0/services/compute.googleapis.com x-goog-quota-user=projects/signlanguage-4daf0
[debug] [2025-05-11T18:07:44.669Z] <<< [apiv2][status] GET https://serviceusage.googleapis.com/v1/projects/signlanguage-4daf0/services/compute.googleapis.com 200
[debug] [2025-05-11T18:07:44.669Z] <<< [apiv2][body] GET https://serviceusage.googleapis.com/v1/projects/signlanguage-4daf0/services/compute.googleapis.com [omitted]
[info] i  dataconnect: waiting for API compute.googleapis.com to activate... 
[debug] [2025-05-11T18:07:54.683Z] Checked if tokens are valid: true, expires at: 1746989722026
[debug] [2025-05-11T18:07:54.683Z] Checked if tokens are valid: true, expires at: 1746989722026
[debug] [2025-05-11T18:07:54.683Z] >>> [apiv2][query] GET https://serviceusage.googleapis.com/v1/projects/signlanguage-4daf0/services/compute.googleapis.com [none]
[debug] [2025-05-11T18:07:54.683Z] >>> [apiv2][(partial)header] GET https://serviceusage.googleapis.com/v1/projects/signlanguage-4daf0/services/compute.googleapis.com x-goog-quota-user=projects/signlanguage-4daf0
[debug] [2025-05-11T18:07:56.968Z] <<< [apiv2][status] GET https://serviceusage.googleapis.com/v1/projects/signlanguage-4daf0/services/compute.googleapis.com 200
[debug] [2025-05-11T18:07:56.969Z] <<< [apiv2][body] GET https://serviceusage.googleapis.com/v1/projects/signlanguage-4daf0/services/compute.googleapis.com [omitted]
[info] i  dataconnect: waiting for API compute.googleapis.com to activate... 
[debug] [2025-05-11T18:08:06.982Z] Checked if tokens are valid: true, expires at: 1746989722026
[debug] [2025-05-11T18:08:06.983Z] Checked if tokens are valid: true, expires at: 1746989722026
[debug] [2025-05-11T18:08:06.983Z] >>> [apiv2][query] GET https://serviceusage.googleapis.com/v1/projects/signlanguage-4daf0/services/compute.googleapis.com [none]
[debug] [2025-05-11T18:08:06.983Z] >>> [apiv2][(partial)header] GET https://serviceusage.googleapis.com/v1/projects/signlanguage-4daf0/services/compute.googleapis.com x-goog-quota-user=projects/signlanguage-4daf0
[debug] [2025-05-11T18:08:09.346Z] <<< [apiv2][status] GET https://serviceusage.googleapis.com/v1/projects/signlanguage-4daf0/services/compute.googleapis.com 200
[debug] [2025-05-11T18:08:09.346Z] <<< [apiv2][body] GET https://serviceusage.googleapis.com/v1/projects/signlanguage-4daf0/services/compute.googleapis.com [omitted]
[info] +  dataconnect: required API compute.googleapis.com is enabled 
[debug] [2025-05-11T18:08:09.349Z] Checked if tokens are valid: true, expires at: 1746989722026
[debug] [2025-05-11T18:08:09.349Z] Checked if tokens are valid: true, expires at: 1746989722026
[debug] [2025-05-11T18:08:09.349Z] >>> [apiv2][query] GET https://firebasedataconnect.googleapis.com/v1/projects/signlanguage-4daf0/locations/-/services [none]
[debug] [2025-05-11T18:08:11.467Z] <<< [apiv2][status] GET https://firebasedataconnect.googleapis.com/v1/projects/signlanguage-4daf0/locations/-/services 200
[debug] [2025-05-11T18:08:11.467Z] <<< [apiv2][body] GET https://firebasedataconnect.googleapis.com/v1/projects/signlanguage-4daf0/locations/-/services {}
[debug] [2025-05-11T18:09:15.627Z] Checked if tokens are valid: true, expires at: 1746989722026
[debug] [2025-05-11T18:09:15.627Z] Checked if tokens are valid: true, expires at: 1746989722026
[debug] [2025-05-11T18:09:15.628Z] >>> [apiv2][query] GET https://sqladmin.googleapis.com/v1/projects/signlanguage-4daf0/instances [none]
[debug] [2025-05-11T18:09:17.984Z] <<< [apiv2][status] GET https://sqladmin.googleapis.com/v1/projects/signlanguage-4daf0/instances 200
[debug] [2025-05-11T18:09:17.985Z] <<< [apiv2][body] GET https://sqladmin.googleapis.com/v1/projects/signlanguage-4daf0/instances {}
[debug] [2025-05-11T18:09:21.961Z] Checked if tokens are valid: true, expires at: 1746989722026
[debug] [2025-05-11T18:09:21.961Z] Checked if tokens are valid: true, expires at: 1746989722026
[debug] [2025-05-11T18:09:21.961Z] >>> [apiv2][query] GET https://firebasedataconnect.googleapis.com/v1/projects/signlanguage-4daf0/locations [none]
[debug] [2025-05-11T18:09:23.749Z] <<< [apiv2][status] GET https://firebasedataconnect.googleapis.com/v1/projects/signlanguage-4daf0/locations 200
[debug] [2025-05-11T18:09:23.749Z] <<< [apiv2][body] GET https://firebasedataconnect.googleapis.com/v1/projects/signlanguage-4daf0/locations {"locations":[{"name":"projects/signlanguage-4daf0/locations/asia-east1","locationId":"asia-east1","displayName":"Taiwan"},{"name":"projects/signlanguage-4daf0/locations/asia-east2","locationId":"asia-east2","displayName":"Hong Kong"},{"name":"projects/signlanguage-4daf0/locations/asia-northeast1","locationId":"asia-northeast1","displayName":"Tokyo"},{"name":"projects/signlanguage-4daf0/locations/asia-northeast2","locationId":"asia-northeast2","displayName":"Osaka"},{"name":"projects/signlanguage-4daf0/locations/asia-northeast3","locationId":"asia-northeast3","displayName":"Seoul"},{"name":"projects/signlanguage-4daf0/locations/asia-south1","locationId":"asia-south1","displayName":"Mumbai"},{"name":"projects/signlanguage-4daf0/locations/asia-southeast1","locationId":"asia-southeast1","displayName":"Singapore"},{"name":"projects/signlanguage-4daf0/locations/asia-southeast2","locationId":"asia-southeast2","displayName":"Jakarta"},{"name":"projects/signlanguage-4daf0/locations/australia-southeast1","locationId":"australia-southeast1","displayName":"Sydney"},{"name":"projects/signlanguage-4daf0/locations/australia-southeast2","locationId":"australia-southeast2","displayName":"Melbourne"},{"name":"projects/signlanguage-4daf0/locations/europe-central2","locationId":"europe-central2","displayName":"Warsaw"},{"name":"projects/signlanguage-4daf0/locations/europe-north1","locationId":"europe-north1","displayName":"Finland"},{"name":"projects/signlanguage-4daf0/locations/europe-southwest1","locationId":"europe-southwest1","displayName":"Madrid"},{"name":"projects/signlanguage-4daf0/locations/europe-west1","locationId":"europe-west1","displayName":"Belgium"},{"name":"projects/signlanguage-4daf0/locations/europe-west2","locationId":"europe-west2","displayName":"London"},{"name":"projects/signlanguage-4daf0/locations/europe-west3","locationId":"europe-west3","displayName":"Frankfurt"},{"name":"projects/signlanguage-4daf0/locations/europe-west4","locationId":"europe-west4","displayName":"Netherlands"},{"name":"projects/signlanguage-4daf0/locations/europe-west6","locationId":"europe-west6","displayName":"Zurich"},{"name":"projects/signlanguage-4daf0/locations/europe-west8","locationId":"europe-west8","displayName":"Milan"},{"name":"projects/signlanguage-4daf0/locations/europe-west9","locationId":"europe-west9","displayName":"Paris"},{"name":"projects/signlanguage-4daf0/locations/me-west1","locationId":"me-west1","displayName":"Tel Aviv"},{"name":"projects/signlanguage-4daf0/locations/northamerica-northeast1","locationId":"northamerica-northeast1","displayName":"Montréal"},{"name":"projects/signlanguage-4daf0/locations/northamerica-northeast2","locationId":"northamerica-northeast2","displayName":"Toronto"},{"name":"projects/signlanguage-4daf0/locations/southamerica-east1","locationId":"southamerica-east1","displayName":"São Paulo"},{"name":"projects/signlanguage-4daf0/locations/southamerica-west1","locationId":"southamerica-west1","displayName":"Santiago"},{"name":"projects/signlanguage-4daf0/locations/us-central1","locationId":"us-central1","displayName":"Iowa"},{"name":"projects/signlanguage-4daf0/locations/us-east1","locationId":"us-east1","displayName":"South Carolina"},{"name":"projects/signlanguage-4daf0/locations/us-east4","locationId":"us-east4","displayName":"Northern Virginia"},{"name":"projects/signlanguage-4daf0/locations/us-south1","locationId":"us-south1","displayName":"Dallas"},{"name":"projects/signlanguage-4daf0/locations/us-west1","locationId":"us-west1","displayName":"Oregon"},{"name":"projects/signlanguage-4daf0/locations/us-west2","locationId":"us-west2","displayName":"Los Angeles"},{"name":"projects/signlanguage-4daf0/locations/us-west3","locationId":"us-west3","displayName":"Salt Lake City"},{"name":"projects/signlanguage-4daf0/locations/us-west4","locationId":"us-west4","displayName":"Las Vegas"}]}
[debug] [2025-05-11T18:09:27.792Z] Checked if tokens are valid: true, expires at: 1746989722026
[debug] [2025-05-11T18:09:27.792Z] Checked if tokens are valid: true, expires at: 1746989722026
[debug] [2025-05-11T18:09:27.792Z] >>> [apiv2][query] GET https://sqladmin.googleapis.com/v1/projects/signlanguage-4daf0/instances/sign-language-recognition-using-mediapipe-and-react-main-fdc/databases [none]
[debug] [2025-05-11T18:09:28.327Z] <<< [apiv2][status] GET https://sqladmin.googleapis.com/v1/projects/signlanguage-4daf0/instances/sign-language-recognition-using-mediapipe-and-react-main-fdc/databases 404
[debug] [2025-05-11T18:09:28.328Z] <<< [apiv2][body] GET https://sqladmin.googleapis.com/v1/projects/signlanguage-4daf0/instances/sign-language-recognition-using-mediapipe-and-react-main-fdc/databases {"error":{"code":404,"message":"Not Found","errors":[{"message":"Not Found","domain":"global","reason":"notFound"}]}}
[debug] [2025-05-11T18:09:28.328Z] [dataconnect] Cannot list databases during init: FirebaseError: Request to https://sqladmin.googleapis.com/v1/projects/signlanguage-4daf0/instances/sign-language-recognition-using-mediapipe-and-react-main-fdc/databases had HTTP Error: 404, Not Found
[info] +  Wrote dataconnect\dataconnect.yaml 
[info] +  Wrote dataconnect\schema\schema.gql 
[info] +  Wrote dataconnect\connector\connector.yaml 
[info] +  Wrote dataconnect\connector\queries.gql 
[info] +  Wrote dataconnect\connector\mutations.gql 
[debug] [2025-05-11T18:09:33.590Z] Checked if tokens are valid: true, expires at: 1746989722026
[debug] [2025-05-11T18:09:33.590Z] Checked if tokens are valid: true, expires at: 1746989722026
[debug] [2025-05-11T18:09:33.590Z] >>> [apiv2][query] GET https://sqladmin.googleapis.com/v1/projects/signlanguage-4daf0/instances/sign-language-recognition-using-mediapipe-and-react-main-fdc [none]
[debug] [2025-05-11T18:09:34.231Z] <<< [apiv2][status] GET https://sqladmin.googleapis.com/v1/projects/signlanguage-4daf0/instances/sign-language-recognition-using-mediapipe-and-react-main-fdc 404
[debug] [2025-05-11T18:09:34.231Z] <<< [apiv2][body] GET https://sqladmin.googleapis.com/v1/projects/signlanguage-4daf0/instances/sign-language-recognition-using-mediapipe-and-react-main-fdc {"error":{"code":404,"message":"The Cloud SQL instance does not exist.","errors":[{"message":"The Cloud SQL instance does not exist.","domain":"global","reason":"instanceDoesNotExist"}]}}
[warn] !  dataconnect: Cloud SQL instances created via the Firebase CLI do not support customer managed encryption keys.
If you'd like to use a CMEK to encrypt your data, first create a CMEK encrypted instance (https://cloud.google.com/sql/docs/postgres/configure-cmek#createcmekinstance).
Then, edit your `dataconnect.yaml` file to use the encrypted instance and redeploy. 
[info] i  dataconnect: Checking Cloud SQL no cost trial eligibility... 
[debug] [2025-05-11T18:09:34.233Z] Checked if tokens are valid: true, expires at: 1746989722026
[debug] [2025-05-11T18:09:34.233Z] Checked if tokens are valid: true, expires at: 1746989722026
[debug] [2025-05-11T18:09:34.233Z] >>> [apiv2][query] GET https://monitoring.googleapis.com/v3/projects/signlanguage-4daf0/timeSeries/ filter=metric.type%3D%22serviceruntime.googleapis.com%2Fquota%2Fallocation%2Fusage%22+AND+metric.label.quota_metric+%3D+%22sqladmin.googleapis.com%2Ffdc_lifetime_free_trial_per_project%22&interval.endTime=2025-05-11T18%3A09%3A34.232Z&interval.startTime=2025-05-04T18%3A09%3A34.232Z
[debug] [2025-05-11T18:09:35.684Z] <<< [apiv2][status] GET https://monitoring.googleapis.com/v3/projects/signlanguage-4daf0/timeSeries/ 200
[debug] [2025-05-11T18:09:35.684Z] <<< [apiv2][body] GET https://monitoring.googleapis.com/v3/projects/signlanguage-4daf0/timeSeries/ {"unit":"1"}
[info] +  dataconnect: CloudSQL no cost trial available! 
[info] i  dataconnect:  
[debug] [2025-05-11T18:09:35.689Z] Checked if tokens are valid: true, expires at: 1746989722026
[debug] [2025-05-11T18:09:35.689Z] Checked if tokens are valid: true, expires at: 1746989722026
[debug] [2025-05-11T18:09:35.689Z] >>> [apiv2][query] POST https://sqladmin.googleapis.com/v1/projects/signlanguage-4daf0/instances [none]
[debug] [2025-05-11T18:09:35.689Z] >>> [apiv2][body] POST https://sqladmin.googleapis.com/v1/projects/signlanguage-4daf0/instances {"name":"sign-language-recognition-using-mediapipe-and-react-main-fdc","region":"asia-east1","databaseVersion":"POSTGRES_15","settings":{"tier":"db-f1-micro","edition":"ENTERPRISE","ipConfiguration":{"authorizedNetworks":[]},"enableGoogleMlIntegration":false,"databaseFlags":[{"name":"cloudsql.iam_authentication","value":"on"}],"storageAutoResize":false,"userLabels":{"firebase-data-connect":"ft"},"insightsConfig":{"queryInsightsEnabled":true,"queryPlansPerMinute":5,"queryStringLength":1024}}}
[debug] [2025-05-11T18:09:41.219Z] <<< [apiv2][status] POST https://sqladmin.googleapis.com/v1/projects/signlanguage-4daf0/instances 200
[debug] [2025-05-11T18:09:41.219Z] <<< [apiv2][body] POST https://sqladmin.googleapis.com/v1/projects/signlanguage-4daf0/instances {"kind":"sql#operation","targetLink":"https://sqladmin.googleapis.com/v1/projects/signlanguage-4daf0/instances/sign-language-recognition-using-mediapipe-and-react-main-fdc","status":"PENDING","user":"dmanuj663@gmail.com","insertTime":"2025-05-11T18:10:14.745Z","operationType":"CREATE","name":"861cf827-1831-4762-be06-3f7900000025","targetId":"sign-language-recognition-using-mediapipe-and-react-main-fdc","selfLink":"https://sqladmin.googleapis.com/v1/projects/signlanguage-4daf0/operations/861cf827-1831-4762-be06-3f7900000025","targetProject":"signlanguage-4daf0"}
[info] i  dataconnect: Cloud SQL instance creation started - it should be ready shortly. Database and users will be created on your next deploy. 
[info] +  Detected WEB app in directory E:\SRMCEM\Project2\Sign-Language-Recognition-Using-Mediapipe-and-React-main\Sign-Language-Recognition-Using-Mediapipe-and-React-main 
[info] i  Detected react app. Enabling react generated SDKs. 
[info] i  Writing your new SDK configuration to E:\SRMCEM\Project2\Sign-Language-Recognition-Using-Mediapipe-and-React-main\Sign-Language-Recognition-Using-Mediapipe-and-React-main\dataconnect\connector/connector.yaml 
[info] +  Wrote dataconnect\connector\connector.yaml 
[info] i  dataconnect: downloading dataconnect-emulator-2.5.0.exe... {"metadata":{"emulator":{"name":"dataconnect"},"message":"downloading dataconnect-emulator-2.5.0.exe..."}}
[debug] [2025-05-11T18:10:02.294Z] >>> [apiv2][query] GET https://storage.googleapis.com/firemat-preview-drop/emulator/dataconnect-emulator-windows-v2.5.0 
[debug] [2025-05-11T18:10:02.757Z] <<< [apiv2][status] GET https://storage.googleapis.com/firemat-preview-drop/emulator/dataconnect-emulator-windows-v2.5.0 200
[debug] [2025-05-11T18:10:02.757Z] <<< [apiv2][body] GET https://storage.googleapis.com/firemat-preview-drop/emulator/dataconnect-emulator-windows-v2.5.0 [stream]
[debug] [2025-05-11T18:10:11.849Z] defaultcredentials: writing to file C:\Users\dmanu\AppData\Roaming\firebase\dmanuj663_gmail_com_application_default_credentials.json
[debug] [2025-05-11T18:10:11.851Z] Setting GAC to C:\Users\dmanu\AppData\Roaming\firebase\dmanuj663_gmail_com_application_default_credentials.json {"metadata":{"emulator":{"name":"dataconnect"},"message":"Setting GAC to C:\\Users\\dmanu\\AppData\\Roaming\\firebase\\dmanuj663_gmail_com_application_default_credentials.json"}}
[info] I0511 23:40:13.086170   19492 codegen.go:82] [connector "default" javascriptSdk] Generating sources into "E:\\SRMCEM\\Project2\\Sign-Language-Recognition-Using-Mediapipe-and-React-main\\Sign-Language-Recognition-Using-Mediapipe-and-React-main\\dataconnect-generated\\js\\default-connector"
I0511 23:40:13.092569   19492 generate.go:40] Generated all sources. Writing them to disk...
I0511 23:40:13.094278   19492 collector.go:107] connector "default" javascriptSdk wrote into "E:\\SRMCEM\\Project2\\Sign-Language-Recognition-Using-Mediapipe-and-React-main\\Sign-Language-Recognition-Using-Mediapipe-and-React-main\\dataconnect-generated\\js\\default-connector"
Generated sources: react\package.json [468B] react\index.cjs.js [0B] react\README.md [5357B] esm\package.json [17B] index.cjs.js [193B] README.md [2774B] react\index.d.ts [228B] react\esm\package.json [17B] react\esm\index.esm.js [0B] index.d.ts [246B] esm\index.esm.js [158B] package.json [860B] 
I0511 23:40:13.107460   19492 installsdk.go:80] Running command: C:\Program Files\nodejs\npm.cmd install file:dataconnect-generated\js\default-connector

[info] i  Generated SDK code for default 
[info] i  Visit https://firebase.google.com/docs/data-connect/web-sdk#react for more information on how to set up React Generated SDKs for Firebase Data Connect 
[info] +  If you'd like to add more generated SDKs to your app your later, run firebase init dataconnect:sdk again 
[info] 
=== Hosting Setup
[debug] [2025-05-11T18:10:44.208Z] Checked if tokens are valid: true, expires at: 1746989722026
[debug] [2025-05-11T18:10:44.208Z] Checked if tokens are valid: true, expires at: 1746989722026
[debug] [2025-05-11T18:10:44.209Z] >>> [apiv2][query] GET https://firebase.googleapis.com/v1beta1/projects/signlanguage-4daf0 [none]
[debug] [2025-05-11T18:10:44.916Z] <<< [apiv2][status] GET https://firebase.googleapis.com/v1beta1/projects/signlanguage-4daf0 200
[debug] [2025-05-11T18:10:44.916Z] <<< [apiv2][body] GET https://firebase.googleapis.com/v1beta1/projects/signlanguage-4daf0 {"projectId":"signlanguage-4daf0","projectNumber":"1094972762799","displayName":"SignLanguage","name":"projects/signlanguage-4daf0","resources":{"hostingSite":"signlanguage-4daf0"},"state":"ACTIVE","etag":"1_906c6c49-175e-4cbd-a532-72814615b5e1"}
[info] 
[info] Your public directory is the folder (relative to your project directory) that
[info] will contain Hosting assets to be uploaded with firebase deploy. If you
[info] have a build process for your assets, use your build's output directory.
[info] 
[debug] [2025-05-11T18:10:59.583Z] >>> [apiv2][query] GET https://www.gstatic.com/firebasejs/releases.json [none]
[debug] [2025-05-11T18:10:59.730Z] <<< [apiv2][status] GET https://www.gstatic.com/firebasejs/releases.json 200
[debug] [2025-05-11T18:10:59.730Z] <<< [apiv2][body] GET https://www.gstatic.com/firebasejs/releases.json {"current":{"version":"11.7.1","browserURL":"https://www.gstatic.com/firebasejs/11.7.1/firebase.js","packageURL":"https://www.gstatic.com/firebasejs/11.7.1/firebase.tgz"},"live":{"version":"11.7","browserURL":"https://www.gstatic.com/firebasejs/live/11.7/firebase.js","packageURL":"https://www.gstatic.com/firebasejs/live/11.7/firebase.tgz"},"components":{"analytics":"https://www.gstatic.com/firebasejs/11.7.1/firebase-analytics.js","app":"https://www.gstatic.com/firebasejs/11.7.1/firebase-app.js","app-check":"https://www.gstatic.com/firebasejs/11.7.1/firebase-app-check.js","auth":"https://www.gstatic.com/firebasejs/11.7.1/firebase-auth.js","auth/cordova":"https://www.gstatic.com/firebasejs/11.7.1/firebase-auth/cordova.js","auth/web-extension":"https://www.gstatic.com/firebasejs/11.7.1/firebase-auth/web-extension.js","functions":"https://www.gstatic.com/firebasejs/11.7.1/firebase-functions.js","firestore":"https://www.gstatic.com/firebasejs/11.7.1/firebase-firestore.js","firestore/lite":"https://www.gstatic.com/firebasejs/11.7.1/firebase-firestore/lite.js","installations":"https://www.gstatic.com/firebasejs/11.7.1/firebase-installations.js","storage":"https://www.gstatic.com/firebasejs/11.7.1/firebase-storage.js","performance":"https://www.gstatic.com/firebasejs/11.7.1/firebase-performance.js","remote-config":"https://www.gstatic.com/firebasejs/11.7.1/firebase-remote-config.js","messaging":"https://www.gstatic.com/firebasejs/11.7.1/firebase-messaging.js","messaging/sw":"https://www.gstatic.com/firebasejs/11.7.1/firebase-messaging/sw.js","database":"https://www.gstatic.com/firebasejs/11.7.1/firebase-database.js","vertexai":"https://www.gstatic.com/firebasejs/11.7.1/firebase-vertexai.js","data-connect":"https://www.gstatic.com/firebasejs/11.7.1/firebase-data-connect.js","firestore.memory":"https://www.gstatic.com/firebasejs/11.7.1/firebase-firestore.memory.js"}}
[info] +  Wrote public/index.html 
[info] 
[info] i  Didn't detect a .git folder. Assuming E:\SRMCEM\Project2\Sign-Language-Recognition-Using-Mediapipe-and-React-main\Sign-Language-Recognition-Using-Mediapipe-and-React-main is the project root. 
[info] i  Authorizing with GitHub to upload your service account to a GitHub repository's secrets store. 
[info] 
[info] Visit this URL on this device to log in:
[info] https://github.com/login/oauth/authorize?client_id=89cf50f02ac6aaed3484&state=905244485&redirect_uri=http%3A%2F%2Flocalhost%3A9005&scope=read%3Auser%20repo%20public_repo
[info] 
[info] Waiting for authentication...
[debug] [2025-05-11T18:11:38.901Z] >>> [apiv2][query] POST https://github.com/login/oauth/access_token [none]
[debug] [2025-05-11T18:11:38.902Z] >>> [apiv2][body] POST https://github.com/login/oauth/access_token [stream]
[debug] [2025-05-11T18:11:39.357Z] <<< [apiv2][status] POST https://github.com/login/oauth/access_token 200
[debug] [2025-05-11T18:11:39.357Z] <<< [apiv2][body] POST https://github.com/login/oauth/access_token {"access_token":"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","token_type":"bearer","scope":"read:user,repo"}
[debug] [2025-05-11T18:11:39.360Z] >>> [apiv2][query] GET https://api.github.com/user [none]
[debug] [2025-05-11T18:11:39.852Z] <<< [apiv2][status] GET https://api.github.com/user 200
[debug] [2025-05-11T18:11:39.852Z] <<< [apiv2][body] GET https://api.github.com/user {"login":"dmanuj4","id":105970366,"node_id":"U_kgDOBlD6vg","avatar_url":"https://avatars.githubusercontent.com/u/105970366?v=4","gravatar_id":"","url":"https://api.github.com/users/dmanuj4","html_url":"https://github.com/dmanuj4","followers_url":"https://api.github.com/users/dmanuj4/followers","following_url":"https://api.github.com/users/dmanuj4/following{/other_user}","gists_url":"https://api.github.com/users/dmanuj4/gists{/gist_id}","starred_url":"https://api.github.com/users/dmanuj4/starred{/owner}{/repo}","subscriptions_url":"https://api.github.com/users/dmanuj4/subscriptions","organizations_url":"https://api.github.com/users/dmanuj4/orgs","repos_url":"https://api.github.com/users/dmanuj4/repos","events_url":"https://api.github.com/users/dmanuj4/events{/privacy}","received_events_url":"https://api.github.com/users/dmanuj4/received_events","type":"User","user_view_type":"private","site_admin":false,"name":"Anuj Dubey","company":null,"blog":"","location":null,"email":null,"hireable":true,"bio":null,"twitter_username":null,"notification_email":null,"public_repos":45,"public_gists":0,"followers":2,"following":2,"created_at":"2022-05-21T09:30:34Z","updated_at":"2025-05-11T18:12:09Z","private_gists":0,"total_private_repos":0,"owned_private_repos":0,"disk_usage":37658,"collaborators":0,"two_factor_authentication":true,"plan":{"name":"free","space":976562499,"collaborators":0,"private_repos":10000}}
[info] 
[info] +  Success! Logged into GitHub as dmanuj4 
[info] 
[debug] [2025-05-11T18:11:49.199Z] >>> [apiv2][query] GET https://api.github.com/repos//actions/secrets/public-key type=owner
[debug] [2025-05-11T18:11:49.557Z] <<< [apiv2][status] GET https://api.github.com/repos//actions/secrets/public-key 404
[debug] [2025-05-11T18:11:49.557Z] <<< [apiv2][body] GET https://api.github.com/repos//actions/secrets/public-key {"message":"Not Found","documentation_url":"https://docs.github.com/rest","status":"404"}
[info] 
[info] 
[error] !  The provided authorization cannot be used with this repository. If this repository is in an organization, did you remember to grant access? 
[info] 
[info] i  Action required: Visit this URL to ensure access has been granted to the appropriate organization(s) for the Firebase CLI GitHub OAuth App: 
[info] https://github.com/settings/connections/applications/89cf50f02ac6aaed3484
[info] 
